<?xml version="1.0" encoding="UTF-8"?>
<VAST xmlns:xsi="http://www.w3.org/2001/XMLSchema-instance" xsi:noNamespaceSchemaLocation="vast.xsd" version="3.0">
 <Ad id="697203496">
  <InLine>
   <AdSystem>GDFP</AdSystem>
   <AdTitle>External NCA1C1L1 Linear Inline</AdTitle>
   <Description><![CDATA[External NCA1C1L1 Linear Inline ad]]></Description>
   <Error><![CDATA[https://pubads.g.doubleclick.net/pagead/interaction/?ai=BSknvxftxYfGbOdLotOUPvKqXuA7w2I_rBgAAABABIKjduyY4AVjYxrLF1wFg_fD5gMwDugEKNzI4eDkwX3htbMgBBcACAuACAOoCJS8xMjQzMTkwOTYvZXh0ZXJuYWwvc2luZ2xlX2FkX3NhbXBsZXP4AoXSHoADAZADrAKYA6wCqAMB4AQB0gUGEKj2ucwCkAYBoAYjqAfz0RuoB5bYG6gHqpuxAqgH35-xAtgHAeAHC9IIBwiAYRABGB3YCAKACgWYCwHQFQGAFwE&sigh=6nuUDr09feY&label=videoplayfailed[ERRORCODE]]]></Error>
   <Impression><![CDATA[https://securepubads.g.doubleclick.net/pcs/view?xai=AKAOjsuG1EdvDL_THxAKUvGcqaNTjYSsF3m9dOYnWnv0M3fF1OXXIZcZbBfv-V4rurzTSnDbtyJY1qrA6ibqM1cBo1ipyVyH7EzJK6oSLd94qQkodzCX8NqeNK2TvFQVQHMIij7Fu12YzpwVaEChfM5fvpQwL5hY-5M-u5iitkPpw_XwmUJhPBxuME9pvVerI2FxfDfPIDecJQU1zVOCrpCpCDtxFR5BjomjLvBMB-MDjZHTMuZvpN12II1ap7wd2GJsXRDZni3RY-C1s3MDAbwIrBo07MXYUZqYvv6Nq_MJAnHn9QWBhAQ2&sig=Cg0ArKJSzCJS1LJABzLHEAE&uach_m=[UACH]&adurl=]]></Impression>
   <Creatives>
    <Creative id="57859154776" sequence="1">
     <Linear>
      <Duration>00:00:10</Duration>
      <TrackingEvents>
       <Tracking event="start"><![CDATA[https://pubads.g.doubleclick.net/pagead/interaction/?ai=BSknvxftxYfGbOdLotOUPvKqXuA7w2I_rBgAAABABIKjduyY4AVjYxrLF1wFg_fD5gMwDugEKNzI4eDkwX3htbMgBBcACAuACAOoCJS8xMjQzMTkwOTYvZXh0ZXJuYWwvc2luZ2xlX2FkX3NhbXBsZXP4AoXSHoADAZADrAKYA6wCqAMB4AQB0gUGEKj2ucwCkAYBoAYjqAfz0RuoB5bYG6gHqpuxAqgH35-xAtgHAeAHC9IIBwiAYRABGB3YCAKACgWYCwHQFQGAFwE&sigh=6nuUDr09feY&label=part2viewed&ad_mt=[AD_MT]]]></Tracking>
       <Tracking event="firstQuartile"><![CDATA[https://pubads.g.doubleclick.net/pagead/interaction/?ai=BSknvxftxYfGbOdLotOUPvKqXuA7w2I_rBgAAABABIKjduyY4AVjYxrLF1wFg_fD5gMwDugEKNzI4eDkwX3htbMgBBcACAuACAOoCJS8xMjQzMTkwOTYvZXh0ZXJuYWwvc2luZ2xlX2FkX3NhbXBsZXP4AoXSHoADAZADrAKYA6wCqAMB4AQB0gUGEKj2ucwCkAYBoAYjqAfz0RuoB5bYG6gHqpuxAqgH35-xAtgHAeAHC9IIBwiAYRABGB3YCAKACgWYCwHQFQGAFwE&sigh=6nuUDr09feY&label=videoplaytime25&ad_mt=[AD_MT]]]></Tracking>
       <Tracking event="midpoint"><![CDATA[https://pubads.g.doubleclick.net/pagead/interaction/?ai=BSknvxftxYfGbOdLotOUPvKqXuA7w2I_rBgAAABABIKjduyY4AVjYxrLF1wFg_fD5gMwDugEKNzI4eDkwX3htbMgBBcACAuACAOoCJS8xMjQzMTkwOTYvZXh0ZXJuYWwvc2luZ2xlX2FkX3NhbXBsZXP4AoXSHoADAZADrAKYA6wCqAMB4AQB0gUGEKj2ucwCkAYBoAYjqAfz0RuoB5bYG6gHqpuxAqgH35-xAtgHAeAHC9IIBwiAYRABGB3YCAKACgWYCwHQFQGAFwE&sigh=6nuUDr09feY&label=videoplaytime50&ad_mt=[AD_MT]]]></Tracking>
       <Tracking event="thirdQuartile"><![CDATA[https://pubads.g.doubleclick.net/pagead/interaction/?ai=BSknvxftxYfGbOdLotOUPvKqXuA7w2I_rBgAAABABIKjduyY4AVjYxrLF1wFg_fD5gMwDugEKNzI4eDkwX3htbMgBBcACAuACAOoCJS8xMjQzMTkwOTYvZXh0ZXJuYWwvc2luZ2xlX2FkX3NhbXBsZXP4AoXSHoADAZADrAKYA6wCqAMB4AQB0gUGEKj2ucwCkAYBoAYjqAfz0RuoB5bYG6gHqpuxAqgH35-xAtgHAeAHC9IIBwiAYRABGB3YCAKACgWYCwHQFQGAFwE&sigh=6nuUDr09feY&label=videoplaytime75&ad_mt=[AD_MT]]]></Tracking>
       <Tracking event="complete"><![CDATA[https://pubads.g.doubleclick.net/pagead/interaction/?ai=BSknvxftxYfGbOdLotOUPvKqXuA7w2I_rBgAAABABIKjduyY4AVjYxrLF1wFg_fD5gMwDugEKNzI4eDkwX3htbMgBBcACAuACAOoCJS8xMjQzMTkwOTYvZXh0ZXJuYWwvc2luZ2xlX2FkX3NhbXBsZXP4AoXSHoADAZADrAKYA6wCqAMB4AQB0gUGEKj2ucwCkAYBoAYjqAfz0RuoB5bYG6gHqpuxAqgH35-xAtgHAeAHC9IIBwiAYRABGB3YCAKACgWYCwHQFQGAFwE&sigh=6nuUDr09feY&label=videoplaytime100&ad_mt=[AD_MT]]]></Tracking>
       <Tracking event="mute"><![CDATA[https://pubads.g.doubleclick.net/pagead/interaction/?ai=BSknvxftxYfGbOdLotOUPvKqXuA7w2I_rBgAAABABIKjduyY4AVjYxrLF1wFg_fD5gMwDugEKNzI4eDkwX3htbMgBBcACAuACAOoCJS8xMjQzMTkwOTYvZXh0ZXJuYWwvc2luZ2xlX2FkX3NhbXBsZXP4AoXSHoADAZADrAKYA6wCqAMB4AQB0gUGEKj2ucwCkAYBoAYjqAfz0RuoB5bYG6gHqpuxAqgH35-xAtgHAeAHC9IIBwiAYRABGB3YCAKACgWYCwHQFQGAFwE&sigh=6nuUDr09feY&label=admute&ad_mt=[AD_MT]]]></Tracking>
       <Tracking event="unmute"><![CDATA[https://pubads.g.doubleclick.net/pagead/interaction/?ai=BSknvxftxYfGbOdLotOUPvKqXuA7w2I_rBgAAABABIKjduyY4AVjYxrLF1wFg_fD5gMwDugEKNzI4eDkwX3htbMgBBcACAuACAOoCJS8xMjQzMTkwOTYvZXh0ZXJuYWwvc2luZ2xlX2FkX3NhbXBsZXP4AoXSHoADAZADrAKYA6wCqAMB4AQB0gUGEKj2ucwCkAYBoAYjqAfz0RuoB5bYG6gHqpuxAqgH35-xAtgHAeAHC9IIBwiAYRABGB3YCAKACgWYCwHQFQGAFwE&sigh=6nuUDr09feY&label=adunmute&ad_mt=[AD_MT]]]></Tracking>
       <Tracking event="rewind"><![CDATA[https://pubads.g.doubleclick.net/pagead/interaction/?ai=BSknvxftxYfGbOdLotOUPvKqXuA7w2I_rBgAAABABIKjduyY4AVjYxrLF1wFg_fD5gMwDugEKNzI4eDkwX3htbMgBBcACAuACAOoCJS8xMjQzMTkwOTYvZXh0ZXJuYWwvc2luZ2xlX2FkX3NhbXBsZXP4AoXSHoADAZADrAKYA6wCqAMB4AQB0gUGEKj2ucwCkAYBoAYjqAfz0RuoB5bYG6gHqpuxAqgH35-xAtgHAeAHC9IIBwiAYRABGB3YCAKACgWYCwHQFQGAFwE&sigh=6nuUDr09feY&label=adrewind&ad_mt=[AD_MT]]]></Tracking>
       <Tracking event="pause"><![CDATA[https://pubads.g.doubleclick.net/pagead/interaction/?ai=BSknvxftxYfGbOdLotOUPvKqXuA7w2I_rBgAAABABIKjduyY4AVjYxrLF1wFg_fD5gMwDugEKNzI4eDkwX3htbMgBBcACAuACAOoCJS8xMjQzMTkwOTYvZXh0ZXJuYWwvc2luZ2xlX2FkX3NhbXBsZXP4AoXSHoADAZADrAKYA6wCqAMB4AQB0gUGEKj2ucwCkAYBoAYjqAfz0RuoB5bYG6gHqpuxAqgH35-xAtgHAeAHC9IIBwiAYRABGB3YCAKACgWYCwHQFQGAFwE&sigh=6nuUDr09feY&label=adpause&ad_mt=[AD_MT]]]></Tracking>
       <Tracking event="resume"><![CDATA[https://pubads.g.doubleclick.net/pagead/interaction/?ai=BSknvxftxYfGbOdLotOUPvKqXuA7w2I_rBgAAABABIKjduyY4AVjYxrLF1wFg_fD5gMwDugEKNzI4eDkwX3htbMgBBcACAuACAOoCJS8xMjQzMTkwOTYvZXh0ZXJuYWwvc2luZ2xlX2FkX3NhbXBsZXP4AoXSHoADAZADrAKYA6wCqAMB4AQB0gUGEKj2ucwCkAYBoAYjqAfz0RuoB5bYG6gHqpuxAqgH35-xAtgHAeAHC9IIBwiAYRABGB3YCAKACgWYCwHQFQGAFwE&sigh=6nuUDr09feY&label=adresume&ad_mt=[AD_MT]]]></Tracking>
       <Tracking event="creativeView"><![CDATA[https://pubads.g.doubleclick.net/pagead/interaction/?ai=BSknvxftxYfGbOdLotOUPvKqXuA7w2I_rBgAAABABIKjduyY4AVjYxrLF1wFg_fD5gMwDugEKNzI4eDkwX3htbMgBBcACAuACAOoCJS8xMjQzMTkwOTYvZXh0ZXJuYWwvc2luZ2xlX2FkX3NhbXBsZXP4AoXSHoADAZADrAKYA6wCqAMB4AQB0gUGEKj2ucwCkAYBoAYjqAfz0RuoB5bYG6gHqpuxAqgH35-xAtgHAeAHC9IIBwiAYRABGB3YCAKACgWYCwHQFQGAFwE&sigh=6nuUDr09feY&label=vast_creativeview&ad_mt=[AD_MT]]]></Tracking>
       <Tracking event="fullscreen"><![CDATA[https://pubads.g.doubleclick.net/pagead/interaction/?ai=BSknvxftxYfGbOdLotOUPvKqXuA7w2I_rBgAAABABIKjduyY4AVjYxrLF1wFg_fD5gMwDugEKNzI4eDkwX3htbMgBBcACAuACAOoCJS8xMjQzMTkwOTYvZXh0ZXJuYWwvc2luZ2xlX2FkX3NhbXBsZXP4AoXSHoADAZADrAKYA6wCqAMB4AQB0gUGEKj2ucwCkAYBoAYjqAfz0RuoB5bYG6gHqpuxAqgH35-xAtgHAeAHC9IIBwiAYRABGB3YCAKACgWYCwHQFQGAFwE&sigh=6nuUDr09feY&label=adfullscreen&ad_mt=[AD_MT]]]></Tracking>
       <Tracking event="acceptInvitationLinear"><![CDATA[https://pubads.g.doubleclick.net/pagead/interaction/?ai=BSknvxftxYfGbOdLotOUPvKqXuA7w2I_rBgAAABABIKjduyY4AVjYxrLF1wFg_fD5gMwDugEKNzI4eDkwX3htbMgBBcACAuACAOoCJS8xMjQzMTkwOTYvZXh0ZXJuYWwvc2luZ2xlX2FkX3NhbXBsZXP4AoXSHoADAZADrAKYA6wCqAMB4AQB0gUGEKj2ucwCkAYBoAYjqAfz0RuoB5bYG6gHqpuxAqgH35-xAtgHAeAHC9IIBwiAYRABGB3YCAKACgWYCwHQFQGAFwE&sigh=6nuUDr09feY&label=acceptinvitation&ad_mt=[AD_MT]]]></Tracking>
       <Tracking event="closeLinear"><![CDATA[https://pubads.g.doubleclick.net/pagead/interaction/?ai=BSknvxftxYfGbOdLotOUPvKqXuA7w2I_rBgAAABABIKjduyY4AVjYxrLF1wFg_fD5gMwDugEKNzI4eDkwX3htbMgBBcACAuACAOoCJS8xMjQzMTkwOTYvZXh0ZXJuYWwvc2luZ2xlX2FkX3NhbXBsZXP4AoXSHoADAZADrAKYA6wCqAMB4AQB0gUGEKj2ucwCkAYBoAYjqAfz0RuoB5bYG6gHqpuxAqgH35-xAtgHAeAHC9IIBwiAYRABGB3YCAKACgWYCwHQFQGAFwE&sigh=6nuUDr09feY&label=adclose&ad_mt=[AD_MT]]]></Tracking>
       <Tracking event="exitFullscreen"><![CDATA[https://pubads.g.doubleclick.net/pagead/interaction/?ai=BSknvxftxYfGbOdLotOUPvKqXuA7w2I_rBgAAABABIKjduyY4AVjYxrLF1wFg_fD5gMwDugEKNzI4eDkwX3htbMgBBcACAuACAOoCJS8xMjQzMTkwOTYvZXh0ZXJuYWwvc2luZ2xlX2FkX3NhbXBsZXP4AoXSHoADAZADrAKYA6wCqAMB4AQB0gUGEKj2ucwCkAYBoAYjqAfz0RuoB5bYG6gHqpuxAqgH35-xAtgHAeAHC9IIBwiAYRABGB3YCAKACgWYCwHQFQGAFwE&sigh=6nuUDr09feY&label=vast_exit_fullscreen&ad_mt=[AD_MT]]]></Tracking>
      </TrackingEvents>
      <VideoClicks>
       <ClickThrough id="GDFP"><![CDATA[https://pubads.g.doubleclick.net/pcs/click?xai=AKAOjsvBsEm-tCtbtWq6zQpSTyVOiogv06jUQPCCDMO2-rR6duNoPN_CZ4UQmf1yNzs1ieBpDOdhi-2wOt2HomD70r7p7lMCoKhhyvunmc9N81KCJUjDWvnQrRFNj2RPCiIEjzgsx69-of64lfS3UqOl9meEu_y2TB4Dx9FjgUuZiy3gdufjuN0tLbefjj3aw7vqJmBjWTtFxlhIBmBLZJFlpnqDTRURjDktAe9B_KCkzjp9pJix-QEvE_70byCRrRqI78SCktu-lZ09xCFxEpns_BdCpgza4U2kW_x_sCwKrqEoPg&sig=Cg0ArKJSzAvcNzqvn8eL&fbs_aeid=[gw_fbsaeid]&adurl=https://developers.google.com/interactive-media-ads/docs/vastinspector_dual]]></ClickThrough>
      </VideoClicks>
      <MediaFiles>
       <MediaFile id="GDFP" delivery="progressive" width="1280" height="720" type="video/mp4" bitrate="450" scalable="true" maintainAspectRatio="true"><![CDATA[https://redirector.gvt1.com/videoplayback/id/a33fc5b2685eb16e/itag/15/source/gfp_video_ads/requiressl/yes/acao/yes/mime/video%2Fmp4/ctier/L/ip/0.0.0.0/ipbits/0/expire/1634881573/sparams/ip,ipbits,expire,id,itag,source,requiressl,acao,mime,ctier/signature/B338D5A8917E82896580FFB27F4FCC9906378F6E.60F46AF04655532F797146A40D8AFB3FF93896EB/key/ck2/file/file.mp4]]></MediaFile>
       <MediaFile id="GDFP" delivery="progressive" width="176" height="144" type="video/3gpp" bitrate="36" scalable="true" maintainAspectRatio="true"><![CDATA[https://redirector.gvt1.com/videoplayback/id/a33fc5b2685eb16e/itag/17/source/gfp_video_ads/requiressl/yes/acao/yes/mime/video%2F3gpp/ctier/L/ip/0.0.0.0/ipbits/0/expire/1634881573/sparams/ip,ipbits,expire,id,itag,source,requiressl,acao,mime,ctier/signature/145B5136316A0DACB80C7F556049EA13967BA52F.115D403DDC18480B55A0D9E8E1CC15512B4D2394/key/ck2/file/file.3gp]]></MediaFile>
       <MediaFile id="GDFP" delivery="progressive" width="320" height="180" type="video/3gpp" bitrate="69" scalable="true" maintainAspectRatio="true"><![CDATA[https://redirector.gvt1.com/videoplayback/id/a33fc5b2685eb16e/itag/36/source/gfp_video_ads/requiressl/yes/acao/yes/mime/video%2F3gpp/ctier/L/ip/0.0.0.0/ipbits/0/expire/1634881573/sparams/ip,ipbits,expire,id,itag,source,requiressl,acao,mime,ctier/signature/169BED972E8B2BA3E63632993CB4D77856E3A971.269E06F8B64A1FEDBBF36812F0C03A4549D8C621/key/ck2/file/file.3gp]]></MediaFile>
       <MediaFile id="GDFP" delivery="progressive" width="640" height="360" type="video/mp4" bitrate="118" scalable="true" maintainAspectRatio="true"><![CDATA[https://redirector.gvt1.com/videoplayback/id/a33fc5b2685eb16e/itag/18/source/gfp_video_ads/requiressl/yes/acao/yes/mime/video%2Fmp4/ctier/L/ip/0.0.0.0/ipbits/0/expire/1634881573/sparams/ip,ipbits,expire,id,itag,source,requiressl,acao,mime,ctier/signature/728D8056404E7C53435964DC8971F43DE6AF508D.432A74A47D471B698D3EE09D755AE2F5E5C18FE7/key/ck2/file/file.mp4]]></MediaFile>
       <MediaFile id="GDFP" delivery="progressive" width="640" height="360" type="video/webm" bitrate="119" scalable="true" maintainAspectRatio="true"><![CDATA[https://redirector.gvt1.com/videoplayback/id/a33fc5b2685eb16e/itag/43/source/gfp_video_ads/requiressl/yes/acao/yes/mime/video%2Fwebm/ctier/L/ip/0.0.0.0/ipbits/0/expire/1634881573/sparams/ip,ipbits,expire,id,itag,source,requiressl,acao,mime,ctier/signature/93EBDD1240EC0BFDB5F5F6CEF45CACD9EB8CA10E.8EE384B6B8BB62CB621B2081B023FE87AA2F4E23/key/ck2/file/file.webm]]></MediaFile>
       <MediaFile id="GDFP" delivery="progressive" width="1280" height="720" type="video/webm" bitrate="229" scalable="true" maintainAspectRatio="true"><![CDATA[https://redirector.gvt1.com/videoplayback/id/a33fc5b2685eb16e/itag/45/source/gfp_video_ads/requiressl/yes/acao/yes/mime/video%2Fwebm/ctier/L/ip/0.0.0.0/ipbits/0/expire/1634881573/sparams/ip,ipbits,expire,id,itag,source,requiressl,acao,mime,ctier/signature/A0B14D76BEE99E6A5B021738B99963E5F1888DA0.1555EF774C0A391FE18C7F0675F4F68AC8338878/key/ck2/file/file.webm]]></MediaFile>
       <MediaFile id="GDFP" delivery="progressive" width="854" height="480" type="video/webm" bitrate="132" scalable="true" maintainAspectRatio="true"><![CDATA[https://redirector.gvt1.com/videoplayback/id/a33fc5b2685eb16e/itag/44/source/gfp_video_ads/requiressl/yes/acao/yes/mime/video%2Fwebm/ctier/L/ip/0.0.0.0/ipbits/0/expire/1634881573/sparams/ip,ipbits,expire,id,itag,source,requiressl,acao,mime,ctier/signature/1609E44F666ED77F0FA5DCCBDC4296C2425218FB.9DC6343F90C4EF6BC1DA3B1B673415249D1F487A/key/ck2/file/file.webm]]></MediaFile>
       <MediaFile id="GDFP" delivery="progressive" width="1280" height="720" type="video/mp4" bitrate="241" scalable="true" maintainAspectRatio="true"><![CDATA[https://redirector.gvt1.com/videoplayback/id/a33fc5b2685eb16e/itag/22/source/gfp_video_ads/requiressl/yes/acao/yes/mime/video%2Fmp4/ctier/L/ip/0.0.0.0/ipbits/0/expire/1634881573/sparams/ip,ipbits,expire,id,itag,source,requiressl,acao,mime,ctier/signature/ABA83DD646D6AAF835FECD7309DDC909BC5545FF.1355319D23B6BC689B7070B9F7CB72FF7AABD2E4/key/ck2/file/file.mp4]]></MediaFile>
      </MediaFiles>
     </Linear>
    </Creative>
    <Creative id="57857370976" sequence="1">
     <CompanionAds>
      <Companion id="57857370976" width="300" height="250">
       <StaticResource creativeType="image/png"><![CDATA[https://pagead2.googlesyndication.com/simgad/14568666361913360151]]></StaticResource>
       <TrackingEvents>
        <Tracking event="creativeView"><![CDATA[https://securepubads.g.doubleclick.net/pcs/view?xai=AKAOjsu9wUzvFhaDZMxogZqE-5aCwKf854q9dkFdrbtVyB2Hxh6JbW1Fxwk4XUhYJ3aMsjiRw53E9c_eJefsqEeVMDQ0QvK3IlUHswqXKtBKQjS9Bmr2Hn4S75tbErHjAD10YG5jJlbjxjKQW9SWDyGrbPLq5ZXFvCLa4gdOlJgmw17wylR5pMjxDEOR4OGmXD-eMVNLRnf2N2FmH5RCG520Ke1ITT4pr7ryMsK0GiJMIgl--cIX61PFRqfnGWaMmm_NuhM13TIFHXYP9GMjgRUNSq73Ef7qs11xInJQ5QxEREiVEpF006Rs&sig=Cg0ArKJSzJhGmt8iYfYgEAE&uach_m=[UACH]&adurl=]]></Tracking>
       </TrackingEvents>
       <CompanionClickThrough><![CDATA[https://pubads.g.doubleclick.net/pcs/click?xai=AKAOjss42Yw83gFDQhLbRhn_miweybtYrp6HW8MAfAWUbMi5aV2hPu7d_1rvgfEBcYvgOVZruvlFWrfSjLSd1mItk9p0u2S64NIGUGRunMECriNuV6jKrSElWNF1LRB-8bWgCMaYOfZF6z0P0V5I4uqKYEc1r92wYc_Eh7V01-sKf5rlAvP7qEXh_iVEZS6HSvEaemxGb_Xxge6hYuLP2YzfaIlzWspOmjSsSK1Eu7UqMouosCcQsgjplbldDB-IX-ycMfnDJxAB5uJeY7jyEmccdYU3gPg3oKtQsveC8czCw23qWw&sig=Cg0ArKJSzEaL4j_GBkuC&fbs_aeid=[gw_fbsaeid]&adurl=https://developers.google.com/interactive-media-ads/docs/vastinspector_dual]]></CompanionClickThrough>
      </Companion>
     </CompanionAds>
    </Creative>
   </Creatives>
   <Extensions><Extension type="waterfall" fallback_index="0"/><Extension type="geo"><Country>CA</Country><Bandwidth>4</Bandwidth><BandwidthKbps>20000</BandwidthKbps></Extension><Extension type="metrics"><FeEventId>xftxYZXROMfttOUP75CUgAU</FeEventId><AdEventId>CLGShIDY3PMCFVI0rQYdPNUF5w</AdEventId></Extension><Extension type="ShowAdTracking"><CustomTracking><Tracking event="show_ad"><![CDATA[https://securepubads.g.doubleclick.net/pcs/view?xai=AKAOjsstxNadWYyii4eSRW3b7ufyujJFOkMR4UaxGpWzExT_b32D7L-GqPOfahJvw6tNhhktuPTAVLxckodEzGieUPGQYA09IqkBM1GPkLRW7yNLNOXo4o5Mcea6EpldsYGd_Lr93CJFPIm-NZYKGiZ56YMP9Q2Ea-338j3x-qldQQgMFdldfnmbzSN_4GzvYoR8Q_URpjSs_HAW59DeGr-83Uz9GXhtQFeJeqrE9C6lHBZdMtYbss11G6BEoGzsChZz3zrhFDhYpHHKJolFUQAMVxFRbol6HLhwcuQRVHr3e5ro5qMbajnN3uY&sig=Cg0ArKJSzF2VjhNdyaIsEAE&uach_m=[UACH]&adurl=]]></Tracking></CustomTracking></Extension><Extension type="video_ad_loaded"><CustomTracking><Tracking event="loaded"><![CDATA[https://pubads.g.doubleclick.net/pagead/interaction/?ai=BSknvxftxYfGbOdLotOUPvKqXuA7w2I_rBgAAABABIKjduyY4AVjYxrLF1wFg_fD5gMwDugEKNzI4eDkwX3htbMgBBcACAuACAOoCJS8xMjQzMTkwOTYvZXh0ZXJuYWwvc2luZ2xlX2FkX3NhbXBsZXP4AoXSHoADAZADrAKYA6wCqAMB4AQB0gUGEKj2ucwCkAYBoAYjqAfz0RuoB5bYG6gHqpuxAqgH35-xAtgHAeAHC9IIBwiAYRABGB3YCAKACgWYCwHQFQGAFwE&sigh=6nuUDr09feY&label=video_ad_loaded]]></Tracking></CustomTracking></Extension></Extensions>
  </InLine>
 </Ad>
</VAST>
